2023-08-16 19:39:42.232 [main] INFO  io.deeplay.service.UserCommunicationService - Ход WHITE
2023-08-16 19:39:42.302 [main] INFO  io.deeplay.service.UserCommunicationService - Текущий игрок: Bot
2023-08-16 19:39:42.317 [main] INFO  io.deeplay.model.Board - Игрок сделал обычный ход
2023-08-16 19:39:42.322 [main] INFO  io.deeplay.model.Board - Игрок сделал обычный ход
2023-08-16 19:39:42.322 [main] INFO  io.deeplay.service.UserCommunicationService - Ход BLACK
2023-08-16 19:39:42.323 [main] INFO  io.deeplay.service.UserCommunicationService - Текущий игрок: Bot
2023-08-16 19:39:42.324 [main] INFO  io.deeplay.model.Board - Игрок сделал обычный ход
2023-08-16 19:39:42.329 [main] INFO  io.deeplay.model.Board - Игрок сделал обычный ход
2023-08-16 19:39:42.330 [main] INFO  io.deeplay.service.UserCommunicationService - Ход WHITE
2023-08-16 19:39:42.331 [main] INFO  io.deeplay.service.UserCommunicationService - Текущий игрок: Bot
2023-08-16 19:39:42.333 [main] INFO  io.deeplay.model.Board - Игрок сделал обычный ход
2023-08-16 19:39:42.336 [main] INFO  io.deeplay.model.Board - Игрок сделал обычный ход
2023-08-16 19:39:42.336 [main] INFO  io.deeplay.service.UserCommunicationService - Ход BLACK
2023-08-16 19:39:42.337 [main] INFO  io.deeplay.service.UserCommunicationService - Текущий игрок: Bot
2023-08-16 19:39:42.339 [main] INFO  io.deeplay.model.Board - Игрок сделал обычный ход
2023-08-16 19:39:42.340 [main] INFO  io.deeplay.model.Board - Игрок сделал обычный ход
2023-08-16 19:39:42.341 [main] INFO  io.deeplay.service.UserCommunicationService - Ход WHITE
2023-08-16 19:39:42.341 [main] INFO  io.deeplay.service.UserCommunicationService - Текущий игрок: Bot
2023-08-16 19:39:42.342 [main] INFO  io.deeplay.model.Board - Игрок сделал обычный ход
2023-08-16 19:39:42.344 [main] INFO  io.deeplay.model.Board - Игрок сделал обычный ход
2023-08-16 19:39:42.344 [main] INFO  io.deeplay.service.UserCommunicationService - Ход BLACK
2023-08-16 19:39:42.344 [main] INFO  io.deeplay.service.UserCommunicationService - Текущий игрок: Bot
2023-08-16 19:39:42.344 [main] INFO  io.deeplay.model.Board - Игрок сделал обычный ход
2023-08-16 19:39:42.346 [main] INFO  io.deeplay.model.Board - Игрок сделал обычный ход
2023-08-16 19:39:42.347 [main] INFO  io.deeplay.service.UserCommunicationService - Ход WHITE
2023-08-16 19:39:42.348 [main] INFO  io.deeplay.service.UserCommunicationService - Текущий игрок: Bot
2023-08-16 19:39:42.349 [main] INFO  io.deeplay.model.Board - Игрок сделал обычный ход
2023-08-16 19:39:42.351 [main] INFO  io.deeplay.model.Board - Игрок сделал обычный ход
2023-08-16 19:39:42.352 [main] INFO  io.deeplay.service.UserCommunicationService - Ход BLACK
2023-08-16 19:39:42.352 [main] INFO  io.deeplay.service.UserCommunicationService - Текущий игрок: Bot
2023-08-16 19:39:42.353 [main] INFO  io.deeplay.model.Board - Игрок сделал обычный ход
2023-08-16 19:39:42.354 [main] INFO  io.deeplay.model.Board - Игрок сделал обычный ход
2023-08-16 19:39:42.354 [main] INFO  io.deeplay.service.UserCommunicationService - Ход WHITE
2023-08-16 19:39:42.355 [main] INFO  io.deeplay.service.UserCommunicationService - Текущий игрок: Bot
2023-08-16 19:39:42.355 [main] INFO  io.deeplay.model.Board - Игрок сделал обычный ход
2023-08-16 19:39:42.356 [main] INFO  io.deeplay.model.Board - Игрок сделал обычный ход
2023-08-16 19:39:42.356 [main] INFO  io.deeplay.service.UserCommunicationService - Ход BLACK
2023-08-16 19:39:42.357 [main] INFO  io.deeplay.service.UserCommunicationService - Текущий игрок: Bot
2023-08-16 19:39:42.358 [main] INFO  io.deeplay.model.Board - Игрок сделал обычный ход
2023-08-16 19:39:42.359 [main] INFO  io.deeplay.model.Board - Игрок сделал обычный ход
2023-08-16 19:39:42.359 [main] INFO  io.deeplay.service.UserCommunicationService - Ход WHITE
2023-08-16 19:39:42.360 [main] INFO  io.deeplay.service.UserCommunicationService - Текущий игрок: Bot
2023-08-16 19:39:42.360 [main] INFO  io.deeplay.model.Board - Игрок сделал обычный ход
2023-08-16 19:39:42.361 [main] INFO  io.deeplay.model.Board - Игрок сделал обычный ход
2023-08-16 19:39:42.361 [main] INFO  io.deeplay.service.UserCommunicationService - Ход BLACK
2023-08-16 19:39:42.361 [main] INFO  io.deeplay.service.UserCommunicationService - Текущий игрок: Bot
2023-08-16 19:39:42.362 [main] INFO  io.deeplay.model.Board - Игрок сделал обычный ход
2023-08-16 19:39:42.362 [main] INFO  io.deeplay.model.Board - Игрок сделал обычный ход
2023-08-16 19:39:42.363 [main] INFO  io.deeplay.service.UserCommunicationService - Ход WHITE
2023-08-16 19:39:42.364 [main] INFO  io.deeplay.service.UserCommunicationService - Текущий игрок: Bot
2023-08-16 19:39:42.364 [main] INFO  io.deeplay.model.Board - Игрок сделал обычный ход
2023-08-16 19:39:42.365 [main] INFO  io.deeplay.model.Board - Игрок сделал обычный ход
2023-08-16 19:39:42.365 [main] INFO  io.deeplay.service.UserCommunicationService - Ход BLACK
2023-08-16 19:39:42.366 [main] INFO  io.deeplay.service.UserCommunicationService - Текущий игрок: Bot
2023-08-16 19:39:42.366 [main] INFO  io.deeplay.model.Board - Игрок сделал обычный ход
2023-08-16 19:39:42.366 [main] INFO  io.deeplay.model.Board - Игрок сделал обычный ход
2023-08-16 19:39:42.367 [main] INFO  io.deeplay.service.UserCommunicationService - Ход WHITE
2023-08-16 19:39:42.368 [main] INFO  io.deeplay.service.UserCommunicationService - Текущий игрок: Bot
2023-08-16 19:39:42.369 [main] INFO  io.deeplay.model.Board - Игрок сделал обычный ход
2023-08-16 19:39:42.370 [main] INFO  io.deeplay.model.Board - Игрок сделал обычный ход
2023-08-16 19:39:42.370 [main] INFO  io.deeplay.service.UserCommunicationService - Ход BLACK
2023-08-16 19:39:42.370 [main] INFO  io.deeplay.service.UserCommunicationService - Текущий игрок: Bot
2023-08-16 19:39:42.371 [main] INFO  io.deeplay.model.Board - Игрок сделал обычный ход
2023-08-16 19:39:42.372 [main] INFO  io.deeplay.model.Board - Игрок сделал обычный ход
2023-08-16 19:39:42.372 [main] INFO  io.deeplay.service.UserCommunicationService - Ход WHITE
2023-08-16 19:39:42.373 [main] INFO  io.deeplay.service.UserCommunicationService - Текущий игрок: Bot
2023-08-16 19:39:42.374 [main] INFO  io.deeplay.model.Board - Игрок сделал обычный ход
2023-08-16 19:39:42.376 [main] INFO  io.deeplay.model.Board - Игрок сделал обычный ход
2023-08-16 19:39:42.376 [main] INFO  io.deeplay.service.UserCommunicationService - Ход BLACK
2023-08-16 19:39:42.376 [main] INFO  io.deeplay.service.UserCommunicationService - Текущий игрок: Bot
2023-08-16 19:39:42.377 [main] INFO  io.deeplay.model.Board - Игрок сделал обычный ход
2023-08-16 19:39:42.378 [main] INFO  io.deeplay.model.Board - Игрок сделал обычный ход
2023-08-16 19:39:42.378 [main] INFO  io.deeplay.service.UserCommunicationService - Ход WHITE
2023-08-16 19:39:42.379 [main] INFO  io.deeplay.service.UserCommunicationService - Текущий игрок: Bot
2023-08-16 19:39:42.380 [main] INFO  io.deeplay.model.Board - Игрок сделал обычный ход
2023-08-16 19:39:42.381 [main] INFO  io.deeplay.model.Board - Игрок сделал обычный ход
2023-08-16 19:39:42.381 [main] INFO  io.deeplay.service.UserCommunicationService - Ход BLACK
2023-08-16 19:39:42.381 [main] INFO  io.deeplay.service.UserCommunicationService - Текущий игрок: Bot
2023-08-16 19:39:42.383 [main] INFO  io.deeplay.model.Board - Игрок сделал обычный ход
2023-08-16 19:39:42.384 [main] INFO  io.deeplay.model.Board - Игрок сделал обычный ход
2023-08-16 19:39:42.384 [main] INFO  io.deeplay.service.UserCommunicationService - Ход WHITE
2023-08-16 19:39:42.385 [main] INFO  io.deeplay.service.UserCommunicationService - Текущий игрок: Bot
2023-08-16 19:39:42.386 [main] INFO  io.deeplay.model.Board - Игрок сделал обычный ход
2023-08-16 19:39:42.387 [main] INFO  io.deeplay.model.Board - Игрок сделал обычный ход
2023-08-16 19:39:42.387 [main] INFO  io.deeplay.service.UserCommunicationService - Ход BLACK
2023-08-16 19:39:42.388 [main] INFO  io.deeplay.service.UserCommunicationService - Текущий игрок: Bot
2023-08-16 19:39:42.389 [main] INFO  io.deeplay.model.Board - Игрок сделал обычный ход
2023-08-16 19:39:42.390 [main] INFO  io.deeplay.model.Board - Игрок сделал обычный ход
2023-08-16 19:39:42.390 [main] INFO  io.deeplay.service.UserCommunicationService - Ход WHITE
2023-08-16 19:39:42.390 [main] INFO  io.deeplay.service.UserCommunicationService - Текущий игрок: Bot
2023-08-16 19:39:42.391 [main] INFO  io.deeplay.model.Board - Игрок сделал обычный ход
2023-08-16 19:39:42.392 [main] INFO  io.deeplay.model.Board - Игрок сделал обычный ход
2023-08-16 19:39:42.392 [main] INFO  io.deeplay.service.UserCommunicationService - Ход BLACK
2023-08-16 19:39:42.392 [main] INFO  io.deeplay.service.UserCommunicationService - Текущий игрок: Bot
2023-08-16 19:39:42.393 [main] INFO  io.deeplay.model.Board - Игрок сделал обычный ход
2023-08-16 19:39:42.393 [main] INFO  io.deeplay.model.Board - Игрок сделал обычный ход
2023-08-16 19:39:42.394 [main] INFO  io.deeplay.service.UserCommunicationService - Ход WHITE
2023-08-16 19:39:42.394 [main] INFO  io.deeplay.service.UserCommunicationService - Текущий игрок: Bot
2023-08-16 19:39:42.394 [main] INFO  io.deeplay.model.Board - Игрок сделал обычный ход
2023-08-16 19:39:42.395 [main] INFO  io.deeplay.model.Board - Игрок сделал обычный ход
2023-08-16 19:39:42.395 [main] INFO  io.deeplay.service.UserCommunicationService - Ход BLACK
2023-08-16 19:39:42.395 [main] INFO  io.deeplay.service.UserCommunicationService - Текущий игрок: Bot
2023-08-16 19:39:42.395 [main] INFO  io.deeplay.model.Board - Игрок сделал обычный ход
2023-08-16 19:39:42.396 [main] INFO  io.deeplay.model.Board - Игрок сделал обычный ход
2023-08-16 19:39:42.396 [main] INFO  io.deeplay.service.UserCommunicationService - Ход WHITE
2023-08-16 19:39:42.396 [main] INFO  io.deeplay.service.UserCommunicationService - Текущий игрок: Bot
2023-08-16 19:39:42.396 [main] INFO  io.deeplay.model.Board - Игрок сделал обычный ход
2023-08-16 19:39:42.396 [main] INFO  io.deeplay.model.Board - Игрок сделал обычный ход
2023-08-16 19:39:42.396 [main] INFO  io.deeplay.service.UserCommunicationService - Ход BLACK
2023-08-16 19:39:42.397 [main] INFO  io.deeplay.service.UserCommunicationService - Текущий игрок: Bot
2023-08-16 19:39:42.399 [main] INFO  io.deeplay.model.Board - Игрок сделал обычный ход
2023-08-16 19:39:42.399 [main] INFO  io.deeplay.model.Board - Игрок сделал обычный ход
2023-08-16 19:39:42.400 [main] INFO  io.deeplay.service.UserCommunicationService - Ход WHITE
2023-08-16 19:39:42.400 [main] INFO  io.deeplay.service.UserCommunicationService - Текущий игрок: Bot
2023-08-16 19:39:42.402 [main] INFO  io.deeplay.model.Board - Игрок сделал обычный ход
2023-08-16 19:39:42.403 [main] INFO  io.deeplay.model.Board - Игрок сделал обычный ход
2023-08-16 19:39:42.404 [main] INFO  io.deeplay.service.UserCommunicationService - Ход BLACK
2023-08-16 19:39:42.404 [main] INFO  io.deeplay.service.UserCommunicationService - Текущий игрок: Bot
2023-08-16 19:39:42.404 [main] INFO  io.deeplay.model.Board - Игрок сделал обычный ход
2023-08-16 19:39:42.407 [main] INFO  io.deeplay.model.Board - Игрок сделал обычный ход
2023-08-16 19:39:42.407 [main] INFO  io.deeplay.service.UserCommunicationService - Ход WHITE
2023-08-16 19:39:42.408 [main] INFO  io.deeplay.service.UserCommunicationService - Текущий игрок: Bot
2023-08-16 19:39:42.409 [main] INFO  io.deeplay.model.Board - Игрок сделал обычный ход
2023-08-16 19:39:42.409 [main] INFO  io.deeplay.model.Board - Игрок сделал обычный ход
2023-08-16 19:39:42.410 [main] INFO  io.deeplay.service.UserCommunicationService - Ход BLACK
2023-08-16 19:39:42.410 [main] INFO  io.deeplay.service.UserCommunicationService - Текущий игрок: Bot
2023-08-16 19:39:42.413 [main] INFO  io.deeplay.model.Board - Игрок сделал обычный ход
2023-08-16 19:39:42.414 [main] INFO  io.deeplay.model.Board - Игрок сделал обычный ход
2023-08-16 19:39:42.414 [main] INFO  io.deeplay.service.UserCommunicationService - Ход WHITE
2023-08-16 19:39:42.414 [main] INFO  io.deeplay.service.UserCommunicationService - Текущий игрок: Bot
2023-08-16 19:39:42.416 [main] INFO  io.deeplay.model.Board - Игрок сделал обычный ход
2023-08-16 19:39:42.418 [main] INFO  io.deeplay.model.Board - Игрок сделал обычный ход
2023-08-16 19:39:42.418 [main] INFO  io.deeplay.service.UserCommunicationService - Ход BLACK
2023-08-16 19:39:42.419 [main] INFO  io.deeplay.service.UserCommunicationService - Текущий игрок: Bot
2023-08-16 19:39:42.419 [main] INFO  io.deeplay.model.Board - Игрок сделал обычный ход
2023-08-16 19:39:42.420 [main] INFO  io.deeplay.model.Board - Игрок сделал обычный ход
2023-08-16 19:39:42.420 [main] INFO  io.deeplay.service.UserCommunicationService - Ход WHITE
2023-08-16 19:39:42.421 [main] INFO  io.deeplay.service.UserCommunicationService - Текущий игрок: Bot
2023-08-16 19:39:42.421 [main] INFO  io.deeplay.model.Board - Игрок сделал обычный ход
2023-08-16 19:39:42.422 [main] INFO  io.deeplay.model.Board - Игрок сделал обычный ход
2023-08-16 19:39:42.422 [main] INFO  io.deeplay.service.UserCommunicationService - Ход BLACK
2023-08-16 19:39:42.422 [main] INFO  io.deeplay.service.UserCommunicationService - Текущий игрок: Bot
2023-08-16 19:39:42.423 [main] INFO  io.deeplay.model.Board - Игрок сделал обычный ход
2023-08-16 19:39:42.423 [main] INFO  io.deeplay.model.Board - Игрок сделал обычный ход
2023-08-16 19:39:42.423 [main] INFO  io.deeplay.service.UserCommunicationService - Ход WHITE
2023-08-16 19:39:42.423 [main] INFO  io.deeplay.service.UserCommunicationService - Текущий игрок: Bot
2023-08-16 19:39:42.424 [main] INFO  io.deeplay.model.Board - Игрок сделал обычный ход
2023-08-16 19:39:42.424 [main] INFO  io.deeplay.model.Board - Игрок сделал обычный ход
2023-08-16 19:39:42.424 [main] INFO  io.deeplay.service.UserCommunicationService - Ход BLACK
2023-08-16 19:39:42.424 [main] INFO  io.deeplay.service.UserCommunicationService - Текущий игрок: Bot
2023-08-16 19:39:42.425 [main] INFO  io.deeplay.model.Board - Игрок сделал обычный ход
2023-08-16 19:39:42.425 [main] INFO  io.deeplay.model.Board - Игрок сделал обычный ход
2023-08-16 19:39:42.425 [main] INFO  io.deeplay.service.UserCommunicationService - Ход WHITE
2023-08-16 19:39:42.425 [main] INFO  io.deeplay.service.UserCommunicationService - Текущий игрок: Bot
2023-08-16 19:39:42.426 [main] INFO  io.deeplay.model.Board - Игрок сделал обычный ход
2023-08-16 19:39:42.427 [main] INFO  io.deeplay.model.Board - Игрок сделал promotion
2023-08-16 19:39:42.427 [main] INFO  io.deeplay.service.UserCommunicationService - Ход BLACK
2023-08-16 19:39:42.428 [main] INFO  io.deeplay.service.UserCommunicationService - Текущий игрок: Bot
2023-08-16 19:39:42.429 [main] INFO  io.deeplay.model.Board - Игрок сделал обычный ход
2023-08-16 19:39:42.431 [main] INFO  io.deeplay.model.Board - Игрок сделал обычный ход
2023-08-16 19:39:42.431 [main] INFO  io.deeplay.service.UserCommunicationService - Ход WHITE
2023-08-16 19:39:42.431 [main] INFO  io.deeplay.service.UserCommunicationService - Текущий игрок: Bot
2023-08-16 19:39:42.432 [main] INFO  io.deeplay.model.Board - Игрок сделал обычный ход
2023-08-16 19:39:42.433 [main] INFO  io.deeplay.model.Board - Игрок сделал promotion
2023-08-16 19:39:42.433 [main] INFO  io.deeplay.service.UserCommunicationService - Ход BLACK
2023-08-16 19:39:42.433 [main] INFO  io.deeplay.service.UserCommunicationService - Текущий игрок: Bot
2023-08-16 19:39:42.433 [main] INFO  io.deeplay.model.Board - Игрок сделал обычный ход
2023-08-16 19:39:42.434 [main] INFO  io.deeplay.model.Board - Игрок сделал обычный ход
2023-08-16 19:39:42.434 [main] INFO  io.deeplay.service.UserCommunicationService - Ход WHITE
2023-08-16 19:39:42.434 [main] INFO  io.deeplay.service.UserCommunicationService - Текущий игрок: Bot
2023-08-16 19:39:42.434 [main] INFO  io.deeplay.model.Board - Игрок сделал обычный ход
2023-08-16 19:39:42.436 [main] INFO  io.deeplay.model.Board - Игрок сделал promotion
2023-08-16 19:39:42.436 [main] INFO  io.deeplay.service.UserCommunicationService - Ход BLACK
2023-08-16 19:39:42.436 [main] INFO  io.deeplay.service.UserCommunicationService - Текущий игрок: Bot
2023-08-16 19:39:42.436 [main] INFO  io.deeplay.model.Board - Игрок сделал обычный ход
2023-08-16 19:39:42.437 [main] INFO  io.deeplay.model.Board - Игрок сделал обычный ход
2023-08-16 19:39:42.437 [main] INFO  io.deeplay.service.UserCommunicationService - Ход WHITE
2023-08-16 19:39:42.437 [main] INFO  io.deeplay.service.UserCommunicationService - Текущий игрок: Bot
2023-08-16 19:39:42.438 [main] INFO  io.deeplay.model.Board - Игрок сделал обычный ход
2023-08-16 19:39:42.438 [main] INFO  io.deeplay.model.Board - Игрок сделал promotion
2023-08-16 19:39:42.439 [main] INFO  io.deeplay.service.UserCommunicationService - Ход BLACK
2023-08-16 19:39:42.439 [main] INFO  io.deeplay.service.UserCommunicationService - Текущий игрок: Bot
2023-08-16 19:39:42.439 [main] INFO  io.deeplay.model.Board - Игрок сделал обычный ход
2023-08-16 19:39:42.440 [main] INFO  io.deeplay.model.Board - Игрок сделал обычный ход
2023-08-16 19:39:42.440 [main] INFO  io.deeplay.service.UserCommunicationService - Ход WHITE
2023-08-16 19:39:42.440 [main] INFO  io.deeplay.service.UserCommunicationService - Текущий игрок: Bot
2023-08-16 19:39:42.441 [main] INFO  io.deeplay.model.Board - Игрок сделал обычный ход
2023-08-16 19:39:42.441 [main] INFO  io.deeplay.model.Board - Игрок сделал promotion
2023-08-16 19:39:42.441 [main] INFO  io.deeplay.service.UserCommunicationService - Ход BLACK
2023-08-16 19:39:42.441 [main] INFO  io.deeplay.service.UserCommunicationService - Текущий игрок: Bot
2023-08-16 19:39:42.442 [main] INFO  io.deeplay.model.Board - Игрок сделал обычный ход
2023-08-16 19:39:42.444 [main] INFO  io.deeplay.model.Board - Игрок сделал обычный ход
2023-08-16 19:39:42.445 [main] INFO  io.deeplay.service.UserCommunicationService - Ход WHITE
2023-08-16 19:39:42.445 [main] INFO  io.deeplay.service.UserCommunicationService - Текущий игрок: Bot
2023-08-16 19:39:42.446 [main] INFO  io.deeplay.model.Board - Игрок сделал обычный ход
2023-08-16 19:39:42.447 [main] INFO  io.deeplay.model.Board - Игрок сделал promotion
2023-08-16 19:39:42.447 [main] INFO  io.deeplay.service.UserCommunicationService - Ход BLACK
2023-08-16 19:39:42.448 [main] INFO  io.deeplay.service.UserCommunicationService - Текущий игрок: Bot
2023-08-16 19:39:42.448 [main] INFO  io.deeplay.model.Board - Игрок сделал обычный ход
2023-08-16 19:39:42.448 [main] INFO  io.deeplay.model.Board - Игрок сделал promotion
2023-08-16 19:39:42.448 [main] INFO  io.deeplay.service.UserCommunicationService - Ход WHITE
2023-08-16 19:39:42.448 [main] INFO  io.deeplay.service.UserCommunicationService - Текущий игрок: Bot
2023-08-16 19:39:42.449 [main] INFO  io.deeplay.model.Board - Игрок сделал обычный ход
2023-08-16 19:39:42.449 [main] INFO  io.deeplay.model.Board - Игрок сделал promotion
2023-08-16 19:39:42.449 [main] INFO  io.deeplay.service.UserCommunicationService - Ход BLACK
2023-08-16 19:39:42.449 [main] INFO  io.deeplay.service.UserCommunicationService - Текущий игрок: Bot
2023-08-16 19:39:42.450 [main] INFO  io.deeplay.model.Board - Игрок сделал обычный ход
2023-08-16 19:39:42.450 [main] INFO  io.deeplay.model.Board - Игрок сделал promotion
2023-08-16 19:39:42.450 [main] INFO  io.deeplay.service.UserCommunicationService - Ход WHITE
2023-08-16 19:39:42.450 [main] INFO  io.deeplay.service.UserCommunicationService - Текущий игрок: Bot
2023-08-16 19:39:42.451 [main] INFO  io.deeplay.model.Board - Игрок сделал promotion
2023-08-16 19:39:42.451 [main] INFO  io.deeplay.model.Board - Игрок сделал promotion
2023-08-16 19:39:42.451 [main] INFO  io.deeplay.model.Board - Игрок сделал promotion
2023-08-16 19:39:42.451 [main] INFO  io.deeplay.model.Board - Игрок сделал promotion
2023-08-16 19:39:42.451 [main] INFO  io.deeplay.model.Board - Игрок сделал promotion
2023-08-16 19:41:42.534 [main] INFO  io.deeplay.service.UserCommunicationService - Ход WHITE
2023-08-16 19:41:42.599 [main] INFO  io.deeplay.service.UserCommunicationService - Текущий игрок: Bot
2023-08-16 19:41:42.621 [main] INFO  io.deeplay.model.Board - Игрок сделал обычный ход
2023-08-16 19:41:42.623 [main] INFO  io.deeplay.model.Board - Игрок сделал обычный ход
2023-08-16 19:41:42.623 [main] INFO  io.deeplay.service.UserCommunicationService - Ход BLACK
2023-08-16 19:41:42.623 [main] INFO  io.deeplay.service.UserCommunicationService - Текущий игрок: Bot
2023-08-16 19:41:42.624 [main] INFO  io.deeplay.model.Board - Игрок сделал обычный ход
2023-08-16 19:41:42.624 [main] INFO  io.deeplay.model.Board - Игрок сделал обычный ход
2023-08-16 19:41:42.626 [main] INFO  io.deeplay.service.UserCommunicationService - Ход WHITE
2023-08-16 19:41:42.626 [main] INFO  io.deeplay.service.UserCommunicationService - Текущий игрок: Bot
2023-08-16 19:41:42.626 [main] INFO  io.deeplay.model.Board - Игрок сделал обычный ход
2023-08-16 19:41:42.627 [main] INFO  io.deeplay.model.Board - Игрок сделал обычный ход
2023-08-16 19:41:42.628 [main] INFO  io.deeplay.service.UserCommunicationService - Ход BLACK
2023-08-16 19:41:42.628 [main] INFO  io.deeplay.service.UserCommunicationService - Текущий игрок: Bot
2023-08-16 19:41:42.629 [main] INFO  io.deeplay.model.Board - Игрок сделал обычный ход
2023-08-16 19:41:42.630 [main] INFO  io.deeplay.model.Board - Игрок сделал обычный ход
2023-08-16 19:41:42.630 [main] INFO  io.deeplay.service.UserCommunicationService - Ход WHITE
2023-08-16 19:41:42.630 [main] INFO  io.deeplay.service.UserCommunicationService - Текущий игрок: Bot
2023-08-16 19:41:42.631 [main] INFO  io.deeplay.model.Board - Игрок сделал обычный ход
2023-08-16 19:41:42.633 [main] INFO  io.deeplay.model.Board - Игрок сделал обычный ход
2023-08-16 19:41:42.633 [main] INFO  io.deeplay.service.UserCommunicationService - Ход BLACK
2023-08-16 19:41:42.633 [main] INFO  io.deeplay.service.UserCommunicationService - Текущий игрок: Bot
2023-08-16 19:41:42.634 [main] INFO  io.deeplay.model.Board - Игрок сделал обычный ход
2023-08-16 19:41:42.634 [main] INFO  io.deeplay.model.Board - Игрок сделал обычный ход
2023-08-16 19:41:42.634 [main] INFO  io.deeplay.service.UserCommunicationService - Ход WHITE
2023-08-16 19:41:42.634 [main] INFO  io.deeplay.service.UserCommunicationService - Текущий игрок: Bot
2023-08-16 19:41:42.636 [main] INFO  io.deeplay.model.Board - Игрок сделал обычный ход
2023-08-16 19:41:42.637 [main] INFO  io.deeplay.model.Board - Игрок сделал обычный ход
2023-08-16 19:41:42.637 [main] INFO  io.deeplay.service.UserCommunicationService - Ход BLACK
2023-08-16 19:41:42.637 [main] INFO  io.deeplay.service.UserCommunicationService - Текущий игрок: Bot
2023-08-16 19:41:42.637 [main] INFO  io.deeplay.model.Board - Игрок сделал обычный ход
2023-08-16 19:41:42.638 [main] INFO  io.deeplay.model.Board - Игрок сделал обычный ход
2023-08-16 19:41:42.638 [main] INFO  io.deeplay.service.UserCommunicationService - Ход WHITE
2023-08-16 19:41:42.638 [main] INFO  io.deeplay.service.UserCommunicationService - Текущий игрок: Bot
2023-08-16 19:41:42.639 [main] INFO  io.deeplay.model.Board - Игрок сделал обычный ход
2023-08-16 19:41:42.640 [main] INFO  io.deeplay.model.Board - Игрок сделал обычный ход
2023-08-16 19:41:42.640 [main] INFO  io.deeplay.service.UserCommunicationService - Ход BLACK
2023-08-16 19:41:42.640 [main] INFO  io.deeplay.service.UserCommunicationService - Текущий игрок: Bot
2023-08-16 19:41:42.640 [main] INFO  io.deeplay.model.Board - Игрок сделал обычный ход
2023-08-16 19:41:42.641 [main] INFO  io.deeplay.model.Board - Игрок сделал обычный ход
2023-08-16 19:41:42.641 [main] INFO  io.deeplay.service.UserCommunicationService - Ход WHITE
2023-08-16 19:41:42.642 [main] INFO  io.deeplay.service.UserCommunicationService - Текущий игрок: Bot
2023-08-16 19:41:42.642 [main] INFO  io.deeplay.model.Board - Игрок сделал обычный ход
2023-08-16 19:41:42.643 [main] INFO  io.deeplay.model.Board - Игрок сделал обычный ход
2023-08-16 19:41:42.643 [main] INFO  io.deeplay.service.UserCommunicationService - Ход BLACK
2023-08-16 19:41:42.643 [main] INFO  io.deeplay.service.UserCommunicationService - Текущий игрок: Bot
2023-08-16 19:41:42.644 [main] INFO  io.deeplay.model.Board - Игрок сделал обычный ход
2023-08-16 19:41:42.644 [main] INFO  io.deeplay.model.Board - Игрок сделал обычный ход
2023-08-16 19:41:42.644 [main] INFO  io.deeplay.service.UserCommunicationService - Ход WHITE
2023-08-16 19:41:42.644 [main] INFO  io.deeplay.service.UserCommunicationService - Текущий игрок: Bot
2023-08-16 19:41:42.644 [main] INFO  io.deeplay.model.Board - Игрок сделал обычный ход
2023-08-16 19:41:42.646 [main] INFO  io.deeplay.model.Board - Игрок сделал обычный ход
2023-08-16 19:41:42.646 [main] INFO  io.deeplay.service.UserCommunicationService - Ход BLACK
2023-08-16 19:41:42.646 [main] INFO  io.deeplay.service.UserCommunicationService - Текущий игрок: Bot
2023-08-16 19:41:42.647 [main] INFO  io.deeplay.model.Board - Игрок сделал обычный ход
2023-08-16 19:41:42.649 [main] INFO  io.deeplay.model.Board - Игрок сделал обычный ход
2023-08-16 19:41:42.649 [main] INFO  io.deeplay.service.UserCommunicationService - Ход WHITE
2023-08-16 19:41:42.649 [main] INFO  io.deeplay.service.UserCommunicationService - Текущий игрок: Bot
2023-08-16 19:41:42.650 [main] INFO  io.deeplay.model.Board - Игрок сделал обычный ход
2023-08-16 19:41:42.651 [main] INFO  io.deeplay.model.Board - Игрок сделал обычный ход
2023-08-16 19:41:42.652 [main] INFO  io.deeplay.service.UserCommunicationService - Ход BLACK
2023-08-16 19:41:42.652 [main] INFO  io.deeplay.service.UserCommunicationService - Текущий игрок: Bot
2023-08-16 19:41:42.653 [main] INFO  io.deeplay.model.Board - Игрок сделал обычный ход
2023-08-16 19:41:42.653 [main] INFO  io.deeplay.model.Board - Игрок сделал обычный ход
2023-08-16 19:41:42.654 [main] INFO  io.deeplay.service.UserCommunicationService - Ход WHITE
2023-08-16 19:41:42.654 [main] INFO  io.deeplay.service.UserCommunicationService - Текущий игрок: Bot
2023-08-16 19:41:42.654 [main] INFO  io.deeplay.model.Board - Игрок сделал обычный ход
2023-08-16 19:41:42.656 [main] INFO  io.deeplay.model.Board - Игрок сделал обычный ход
2023-08-16 19:41:42.656 [main] INFO  io.deeplay.service.UserCommunicationService - Ход BLACK
2023-08-16 19:41:42.657 [main] INFO  io.deeplay.service.UserCommunicationService - Текущий игрок: Bot
2023-08-16 19:41:42.657 [main] INFO  io.deeplay.model.Board - Игрок сделал обычный ход
2023-08-16 19:41:42.658 [main] INFO  io.deeplay.model.Board - Игрок сделал обычный ход
2023-08-16 19:41:42.658 [main] INFO  io.deeplay.service.UserCommunicationService - Ход WHITE
2023-08-16 19:41:42.658 [main] INFO  io.deeplay.service.UserCommunicationService - Текущий игрок: Bot
2023-08-16 19:41:42.659 [main] INFO  io.deeplay.model.Board - Игрок сделал обычный ход
2023-08-16 19:41:42.659 [main] INFO  io.deeplay.model.Board - Игрок сделал обычный ход
2023-08-16 19:41:42.660 [main] INFO  io.deeplay.service.UserCommunicationService - Ход BLACK
2023-08-16 19:41:42.660 [main] INFO  io.deeplay.service.UserCommunicationService - Текущий игрок: Bot
2023-08-16 19:41:42.661 [main] INFO  io.deeplay.model.Board - Игрок сделал обычный ход
2023-08-16 19:41:42.661 [main] INFO  io.deeplay.model.Board - Игрок сделал обычный ход
2023-08-16 19:41:42.661 [main] INFO  io.deeplay.service.UserCommunicationService - Ход WHITE
2023-08-16 19:41:42.662 [main] INFO  io.deeplay.service.UserCommunicationService - Текущий игрок: Bot
2023-08-16 19:41:42.663 [main] INFO  io.deeplay.model.Board - Игрок сделал обычный ход
2023-08-16 19:41:42.664 [main] INFO  io.deeplay.model.Board - Игрок сделал обычный ход
2023-08-16 19:41:42.664 [main] INFO  io.deeplay.service.UserCommunicationService - Ход BLACK
2023-08-16 19:41:42.664 [main] INFO  io.deeplay.service.UserCommunicationService - Текущий игрок: Bot
2023-08-16 19:41:42.664 [main] INFO  io.deeplay.model.Board - Игрок сделал обычный ход
2023-08-16 19:41:42.666 [main] INFO  io.deeplay.model.Board - Игрок сделал обычный ход
2023-08-16 19:41:42.667 [main] INFO  io.deeplay.service.UserCommunicationService - Ход WHITE
2023-08-16 19:41:42.667 [main] INFO  io.deeplay.service.UserCommunicationService - Текущий игрок: Bot
2023-08-16 19:41:42.667 [main] INFO  io.deeplay.model.Board - Игрок сделал обычный ход
2023-08-16 19:41:42.667 [main] INFO  io.deeplay.model.Board - Игрок сделал обычный ход
2023-08-16 19:41:42.668 [main] INFO  io.deeplay.service.UserCommunicationService - Ход BLACK
2023-08-16 19:41:42.668 [main] INFO  io.deeplay.service.UserCommunicationService - Текущий игрок: Bot
2023-08-16 19:41:42.668 [main] INFO  io.deeplay.model.Board - Игрок сделал обычный ход
2023-08-16 19:41:42.669 [main] INFO  io.deeplay.model.Board - Игрок сделал обычный ход
2023-08-16 19:41:42.669 [main] INFO  io.deeplay.service.UserCommunicationService - Ход WHITE
2023-08-16 19:41:42.669 [main] INFO  io.deeplay.service.UserCommunicationService - Текущий игрок: Bot
2023-08-16 19:41:42.669 [main] INFO  io.deeplay.model.Board - Игрок сделал обычный ход
2023-08-16 19:41:42.670 [main] INFO  io.deeplay.model.Board - Игрок сделал обычный ход
2023-08-16 19:41:42.670 [main] INFO  io.deeplay.service.UserCommunicationService - Ход BLACK
2023-08-16 19:41:42.670 [main] INFO  io.deeplay.service.UserCommunicationService - Текущий игрок: Bot
2023-08-16 19:41:42.671 [main] INFO  io.deeplay.model.Board - Игрок сделал обычный ход
2023-08-16 19:41:42.671 [main] INFO  io.deeplay.model.Board - Игрок сделал обычный ход
2023-08-16 19:41:42.671 [main] INFO  io.deeplay.service.UserCommunicationService - Ход WHITE
2023-08-16 19:41:42.672 [main] INFO  io.deeplay.service.UserCommunicationService - Текущий игрок: Bot
2023-08-16 19:41:42.672 [main] INFO  io.deeplay.model.Board - Игрок сделал обычный ход
2023-08-16 19:41:42.673 [main] INFO  io.deeplay.model.Board - Игрок сделал обычный ход
2023-08-16 19:41:42.673 [main] INFO  io.deeplay.service.UserCommunicationService - Ход BLACK
2023-08-16 19:41:42.673 [main] INFO  io.deeplay.service.UserCommunicationService - Текущий игрок: Bot
2023-08-16 19:41:42.674 [main] INFO  io.deeplay.model.Board - Игрок сделал обычный ход
2023-08-16 19:41:42.674 [main] INFO  io.deeplay.model.Board - Игрок сделал обычный ход
2023-08-16 19:41:42.674 [main] INFO  io.deeplay.service.UserCommunicationService - Ход WHITE
2023-08-16 19:41:42.674 [main] INFO  io.deeplay.service.UserCommunicationService - Текущий игрок: Bot
2023-08-16 19:41:42.676 [main] INFO  io.deeplay.model.Board - Игрок сделал обычный ход
2023-08-16 19:41:42.676 [main] INFO  io.deeplay.model.Board - Игрок сделал обычный ход
2023-08-16 19:41:42.676 [main] INFO  io.deeplay.service.UserCommunicationService - Ход BLACK
2023-08-16 19:41:42.677 [main] INFO  io.deeplay.service.UserCommunicationService - Текущий игрок: Bot
2023-08-16 19:41:42.677 [main] INFO  io.deeplay.model.Board - Игрок сделал обычный ход
2023-08-16 19:41:42.679 [main] INFO  io.deeplay.model.Board - Игрок сделал обычный ход
2023-08-16 19:41:42.679 [main] INFO  io.deeplay.service.UserCommunicationService - Ход WHITE
2023-08-16 19:41:42.680 [main] INFO  io.deeplay.service.UserCommunicationService - Текущий игрок: Bot
2023-08-16 19:41:42.681 [main] INFO  io.deeplay.model.Board - Игрок сделал обычный ход
2023-08-16 19:41:42.682 [main] INFO  io.deeplay.model.Board - Игрок сделал обычный ход
2023-08-16 19:41:42.684 [main] INFO  io.deeplay.service.UserCommunicationService - Ход BLACK
2023-08-16 19:41:42.685 [main] INFO  io.deeplay.service.UserCommunicationService - Текущий игрок: Bot
2023-08-16 19:41:42.685 [main] INFO  io.deeplay.model.Board - Игрок сделал обычный ход
2023-08-16 19:41:42.686 [main] INFO  io.deeplay.model.Board - Игрок сделал обычный ход
2023-08-16 19:41:42.686 [main] INFO  io.deeplay.service.UserCommunicationService - Ход WHITE
2023-08-16 19:41:42.687 [main] INFO  io.deeplay.service.UserCommunicationService - Текущий игрок: Bot
2023-08-16 19:41:42.687 [main] INFO  io.deeplay.model.Board - Игрок сделал обычный ход
2023-08-16 19:41:42.688 [main] INFO  io.deeplay.model.Board - Игрок сделал обычный ход
2023-08-16 19:41:42.688 [main] INFO  io.deeplay.service.UserCommunicationService - Ход BLACK
2023-08-16 19:41:42.688 [main] INFO  io.deeplay.service.UserCommunicationService - Текущий игрок: Bot
2023-08-16 19:41:42.689 [main] INFO  io.deeplay.model.Board - Игрок сделал обычный ход
2023-08-16 19:41:42.689 [main] INFO  io.deeplay.model.Board - Игрок сделал обычный ход
2023-08-16 19:41:42.689 [main] INFO  io.deeplay.service.UserCommunicationService - Ход WHITE
2023-08-16 19:41:42.690 [main] INFO  io.deeplay.service.UserCommunicationService - Текущий игрок: Bot
2023-08-16 19:41:42.690 [main] INFO  io.deeplay.model.Board - Игрок сделал обычный ход
2023-08-16 19:41:42.690 [main] INFO  io.deeplay.model.Board - Игрок сделал обычный ход
2023-08-16 19:41:42.691 [main] INFO  io.deeplay.service.UserCommunicationService - Ход BLACK
2023-08-16 19:41:42.691 [main] INFO  io.deeplay.service.UserCommunicationService - Текущий игрок: Bot
2023-08-16 19:41:42.692 [main] INFO  io.deeplay.model.Board - Игрок сделал обычный ход
2023-08-16 19:41:42.692 [main] INFO  io.deeplay.model.Board - Игрок сделал обычный ход
2023-08-16 19:41:42.692 [main] INFO  io.deeplay.service.UserCommunicationService - Ход WHITE
2023-08-16 19:41:42.693 [main] INFO  io.deeplay.service.UserCommunicationService - Текущий игрок: Bot
2023-08-16 19:41:42.693 [main] INFO  io.deeplay.model.Board - Игрок сделал обычный ход
2023-08-16 19:41:42.694 [main] INFO  io.deeplay.model.Board - Игрок сделал обычный ход
2023-08-16 19:41:42.694 [main] INFO  io.deeplay.service.UserCommunicationService - Ход BLACK
2023-08-16 19:41:42.694 [main] INFO  io.deeplay.service.UserCommunicationService - Текущий игрок: Bot
2023-08-16 19:41:42.694 [main] INFO  io.deeplay.model.Board - Игрок сделал обычный ход
2023-08-16 19:41:42.694 [main] INFO  io.deeplay.model.Board - Игрок сделал обычный ход
2023-08-16 19:41:42.694 [main] INFO  io.deeplay.service.UserCommunicationService - Ход WHITE
2023-08-16 19:41:42.696 [main] INFO  io.deeplay.service.UserCommunicationService - Текущий игрок: Bot
2023-08-16 19:41:42.696 [main] INFO  io.deeplay.model.Board - Игрок сделал обычный ход
2023-08-16 19:41:42.696 [main] INFO  io.deeplay.model.Board - Игрок сделал обычный ход
2023-08-16 19:41:42.697 [main] INFO  io.deeplay.service.UserCommunicationService - Ход BLACK
2023-08-16 19:41:42.697 [main] INFO  io.deeplay.service.UserCommunicationService - Текущий игрок: Bot
2023-08-16 19:41:42.698 [main] INFO  io.deeplay.model.Board - Игрок сделал обычный ход
2023-08-16 19:41:42.698 [main] INFO  io.deeplay.model.Board - Игрок сделал обычный ход
2023-08-16 19:41:42.698 [main] INFO  io.deeplay.service.UserCommunicationService - Ход WHITE
2023-08-16 19:41:42.699 [main] INFO  io.deeplay.service.UserCommunicationService - Текущий игрок: Bot
2023-08-16 19:41:42.699 [main] INFO  io.deeplay.model.Board - Игрок сделал обычный ход
2023-08-16 19:41:42.699 [main] INFO  io.deeplay.model.Board - Игрок сделал обычный ход
2023-08-16 19:41:42.700 [main] INFO  io.deeplay.service.UserCommunicationService - Ход BLACK
2023-08-16 19:41:42.700 [main] INFO  io.deeplay.service.UserCommunicationService - Текущий игрок: Bot
2023-08-16 19:41:42.700 [main] INFO  io.deeplay.model.Board - Игрок сделал обычный ход
2023-08-16 19:41:42.701 [main] INFO  io.deeplay.model.Board - Игрок сделал обычный ход
2023-08-16 19:41:42.701 [main] INFO  io.deeplay.service.UserCommunicationService - Ход WHITE
2023-08-16 19:41:42.701 [main] INFO  io.deeplay.service.UserCommunicationService - Текущий игрок: Bot
2023-08-16 19:41:42.701 [main] INFO  io.deeplay.model.Board - Игрок сделал обычный ход
2023-08-16 19:41:42.702 [main] INFO  io.deeplay.model.Board - Игрок сделал обычный ход
2023-08-16 19:41:42.702 [main] INFO  io.deeplay.service.UserCommunicationService - Ход BLACK
2023-08-16 19:41:42.702 [main] INFO  io.deeplay.service.UserCommunicationService - Текущий игрок: Bot
2023-08-16 19:41:42.703 [main] INFO  io.deeplay.model.Board - Игрок сделал обычный ход
2023-08-16 19:41:42.703 [main] INFO  io.deeplay.model.Board - Игрок сделал обычный ход
2023-08-16 19:41:42.704 [main] INFO  io.deeplay.service.UserCommunicationService - Ход WHITE
2023-08-16 19:41:42.704 [main] INFO  io.deeplay.service.UserCommunicationService - Текущий игрок: Bot
2023-08-16 19:41:42.704 [main] INFO  io.deeplay.model.Board - Игрок сделал обычный ход
2023-08-16 19:41:42.705 [main] INFO  io.deeplay.model.Board - Игрок сделал обычный ход
2023-08-16 19:41:42.705 [main] INFO  io.deeplay.model.Board - Игрок сделал обычный ход
2023-08-16 19:41:42.705 [main] INFO  io.deeplay.model.Board - Игрок сделал обычный ход
2023-08-16 19:41:42.705 [main] INFO  io.deeplay.model.Board - Игрок сделал обычный ход
2023-08-16 19:41:42.705 [main] INFO  io.deeplay.model.Board - Игрок сделал обычный ход
2023-08-16 19:41:42.705 [main] INFO  io.deeplay.model.Board - Игрок сделал обычный ход
2023-08-16 19:41:42.705 [main] INFO  io.deeplay.model.Board - Игрок сделал обычный ход
2023-08-16 19:41:42.705 [main] INFO  io.deeplay.model.Board - Игрок сделал обычный ход
2023-08-16 19:41:42.706 [main] INFO  io.deeplay.model.Board - Игрок сделал обычный ход
2023-08-16 19:41:42.706 [main] INFO  io.deeplay.model.Board - Игрок сделал обычный ход
2023-08-16 19:41:42.706 [main] INFO  io.deeplay.model.Board - Игрок сделал обычный ход
2023-08-16 19:41:42.706 [main] INFO  io.deeplay.model.Board - Игрок сделал обычный ход
2023-08-16 19:41:42.706 [main] INFO  io.deeplay.model.Board - Игрок сделал обычный ход
2023-08-16 19:41:42.706 [main] INFO  io.deeplay.model.Board - Игрок сделал обычный ход
2023-08-16 19:41:42.706 [main] INFO  io.deeplay.model.Board - Игрок сделал обычный ход
2023-08-16 19:41:42.706 [main] INFO  io.deeplay.model.Board - Игрок сделал обычный ход
2023-08-16 19:41:42.706 [main] INFO  io.deeplay.service.UserCommunicationService - Ход BLACK
2023-08-16 19:41:42.706 [main] INFO  io.deeplay.service.UserCommunicationService - Текущий игрок: Bot
2023-08-16 19:41:42.707 [main] INFO  io.deeplay.model.Board - Игрок сделал обычный ход
2023-08-16 19:41:42.707 [main] INFO  io.deeplay.service.UserCommunicationService - Game ended BLACK win
2023-08-16 19:41:42.707 [main] INFO  io.deeplay.service.UserCommunicationService - Игра окончена Game ended, because BLACK is in check and can't move
2023-08-16 19:46:30.173 [main] INFO  io.deeplay.service.UserCommunicationService - Ход WHITE
2023-08-16 19:46:30.174 [main] INFO  io.deeplay.service.UserCommunicationService - Текущий игрок: Bot
2023-08-16 19:46:30.174 [main] INFO  io.deeplay.model.Board - Игрок сделал обычный ход
2023-08-16 19:46:30.175 [main] INFO  io.deeplay.model.Board - Игрок сделал обычный ход
2023-08-16 19:46:30.175 [main] INFO  io.deeplay.service.UserCommunicationService - Ход BLACK
2023-08-16 19:46:30.176 [main] INFO  io.deeplay.service.UserCommunicationService - Текущий игрок: Bot
2023-08-16 19:46:30.176 [main] INFO  io.deeplay.model.Board - Игрок сделал обычный ход
2023-08-16 19:46:30.176 [main] INFO  io.deeplay.model.Board - Игрок сделал обычный ход
2023-08-16 19:46:30.177 [main] INFO  io.deeplay.service.UserCommunicationService - Ход WHITE
2023-08-16 19:46:30.177 [main] INFO  io.deeplay.service.UserCommunicationService - Текущий игрок: Bot
2023-08-16 19:46:30.178 [main] INFO  io.deeplay.model.Board - Игрок сделал обычный ход
2023-08-16 19:46:30.178 [main] INFO  io.deeplay.model.Board - Игрок сделал обычный ход
2023-08-16 19:46:30.179 [main] INFO  io.deeplay.service.UserCommunicationService - Ход BLACK
2023-08-16 19:46:30.179 [main] INFO  io.deeplay.service.UserCommunicationService - Текущий игрок: Bot
2023-08-16 19:46:30.179 [main] INFO  io.deeplay.model.Board - Игрок сделал обычный ход
2023-08-16 19:46:30.179 [main] INFO  io.deeplay.model.Board - Игрок сделал обычный ход
2023-08-16 19:46:30.179 [main] INFO  io.deeplay.service.UserCommunicationService - Ход WHITE
2023-08-16 19:46:30.180 [main] INFO  io.deeplay.service.UserCommunicationService - Текущий игрок: Bot
2023-08-16 19:46:30.180 [main] INFO  io.deeplay.model.Board - Игрок сделал обычный ход
2023-08-16 19:46:30.180 [main] INFO  io.deeplay.model.Board - Игрок сделал обычный ход
2023-08-16 19:46:30.180 [main] INFO  io.deeplay.service.UserCommunicationService - Ход BLACK
2023-08-16 19:46:30.180 [main] INFO  io.deeplay.service.UserCommunicationService - Текущий игрок: Bot
2023-08-16 19:46:30.180 [main] INFO  io.deeplay.model.Board - Игрок сделал обычный ход
2023-08-16 19:46:30.180 [main] INFO  io.deeplay.model.Board - Игрок сделал обычный ход
2023-08-16 19:46:30.180 [main] INFO  io.deeplay.service.UserCommunicationService - Ход WHITE
2023-08-16 19:46:30.181 [main] INFO  io.deeplay.service.UserCommunicationService - Текущий игрок: Bot
2023-08-16 19:46:30.181 [main] INFO  io.deeplay.model.Board - Игрок сделал обычный ход
2023-08-16 19:46:30.181 [main] INFO  io.deeplay.model.Board - Игрок сделал обычный ход
2023-08-16 19:46:30.181 [main] INFO  io.deeplay.service.UserCommunicationService - Ход BLACK
2023-08-16 19:46:30.181 [main] INFO  io.deeplay.service.UserCommunicationService - Текущий игрок: Bot
2023-08-16 19:46:30.182 [main] INFO  io.deeplay.model.Board - Игрок сделал обычный ход
2023-08-16 19:46:30.182 [main] INFO  io.deeplay.model.Board - Игрок сделал обычный ход
2023-08-16 19:46:30.182 [main] INFO  io.deeplay.service.UserCommunicationService - Ход WHITE
2023-08-16 19:46:30.182 [main] INFO  io.deeplay.service.UserCommunicationService - Текущий игрок: Bot
2023-08-16 19:46:30.182 [main] INFO  io.deeplay.model.Board - Игрок сделал обычный ход
2023-08-16 19:46:30.183 [main] INFO  io.deeplay.model.Board - Игрок сделал обычный ход
2023-08-16 19:46:30.183 [main] INFO  io.deeplay.service.UserCommunicationService - Ход BLACK
2023-08-16 19:46:30.183 [main] INFO  io.deeplay.service.UserCommunicationService - Текущий игрок: Bot
2023-08-16 19:46:30.184 [main] INFO  io.deeplay.model.Board - Игрок сделал обычный ход
2023-08-16 19:46:30.184 [main] INFO  io.deeplay.model.Board - Игрок сделал обычный ход
2023-08-16 19:46:30.184 [main] INFO  io.deeplay.service.UserCommunicationService - Ход WHITE
2023-08-16 19:46:30.185 [main] INFO  io.deeplay.service.UserCommunicationService - Текущий игрок: Bot
2023-08-16 19:46:30.187 [main] INFO  io.deeplay.model.Board - Игрок сделал обычный ход
2023-08-16 19:46:30.188 [main] INFO  io.deeplay.model.Board - Игрок сделал обычный ход
2023-08-16 19:46:30.188 [main] INFO  io.deeplay.service.UserCommunicationService - Ход BLACK
2023-08-16 19:46:30.188 [main] INFO  io.deeplay.service.UserCommunicationService - Текущий игрок: Bot
2023-08-16 19:46:30.188 [main] INFO  io.deeplay.model.Board - Игрок сделал обычный ход
2023-08-16 19:46:30.188 [main] INFO  io.deeplay.model.Board - Игрок сделал обычный ход
2023-08-16 19:46:30.189 [main] INFO  io.deeplay.service.UserCommunicationService - Ход WHITE
2023-08-16 19:46:30.189 [main] INFO  io.deeplay.service.UserCommunicationService - Текущий игрок: Bot
2023-08-16 19:46:30.189 [main] INFO  io.deeplay.model.Board - Игрок сделал обычный ход
2023-08-16 19:46:30.190 [main] INFO  io.deeplay.model.Board - Игрок сделал обычный ход
2023-08-16 19:46:30.190 [main] INFO  io.deeplay.service.UserCommunicationService - Ход BLACK
2023-08-16 19:46:30.190 [main] INFO  io.deeplay.service.UserCommunicationService - Текущий игрок: Bot
2023-08-16 19:46:30.191 [main] INFO  io.deeplay.model.Board - Игрок сделал обычный ход
2023-08-16 19:46:30.191 [main] INFO  io.deeplay.model.Board - Игрок сделал обычный ход
2023-08-16 19:46:30.192 [main] INFO  io.deeplay.service.UserCommunicationService - Ход WHITE
2023-08-16 19:46:30.192 [main] INFO  io.deeplay.service.UserCommunicationService - Текущий игрок: Bot
2023-08-16 19:46:30.192 [main] INFO  io.deeplay.model.Board - Игрок сделал обычный ход
2023-08-16 19:46:30.193 [main] INFO  io.deeplay.model.Board - Игрок сделал обычный ход
2023-08-16 19:46:30.193 [main] INFO  io.deeplay.service.UserCommunicationService - Ход BLACK
2023-08-16 19:46:30.193 [main] INFO  io.deeplay.service.UserCommunicationService - Текущий игрок: Bot
2023-08-16 19:46:30.194 [main] INFO  io.deeplay.model.Board - Игрок сделал обычный ход
2023-08-16 19:46:30.194 [main] INFO  io.deeplay.model.Board - Игрок сделал обычный ход
2023-08-16 19:46:30.194 [main] INFO  io.deeplay.service.UserCommunicationService - Ход WHITE
2023-08-16 19:46:30.194 [main] INFO  io.deeplay.service.UserCommunicationService - Текущий игрок: Bot
2023-08-16 19:46:30.196 [main] INFO  io.deeplay.model.Board - Игрок сделал обычный ход
2023-08-16 19:46:30.196 [main] INFO  io.deeplay.model.Board - Игрок сделал обычный ход
2023-08-16 19:46:30.196 [main] INFO  io.deeplay.service.UserCommunicationService - Ход BLACK
2023-08-16 19:46:30.197 [main] INFO  io.deeplay.service.UserCommunicationService - Текущий игрок: Bot
2023-08-16 19:46:30.197 [main] INFO  io.deeplay.model.Board - Игрок сделал обычный ход
2023-08-16 19:46:30.197 [main] INFO  io.deeplay.model.Board - Игрок сделал обычный ход
2023-08-16 19:46:30.197 [main] INFO  io.deeplay.service.UserCommunicationService - Ход WHITE
2023-08-16 19:46:30.197 [main] INFO  io.deeplay.service.UserCommunicationService - Текущий игрок: Bot
2023-08-16 19:46:30.197 [main] INFO  io.deeplay.model.Board - Игрок сделал обычный ход
2023-08-16 19:46:30.197 [main] INFO  io.deeplay.model.Board - Игрок сделал обычный ход
2023-08-16 19:46:30.198 [main] INFO  io.deeplay.service.UserCommunicationService - Ход BLACK
2023-08-16 19:46:30.198 [main] INFO  io.deeplay.service.UserCommunicationService - Текущий игрок: Bot
2023-08-16 19:46:30.198 [main] INFO  io.deeplay.model.Board - Игрок сделал обычный ход
2023-08-16 19:46:30.198 [main] INFO  io.deeplay.model.Board - Игрок сделал обычный ход
2023-08-16 19:46:30.198 [main] INFO  io.deeplay.service.UserCommunicationService - Ход WHITE
2023-08-16 19:46:30.198 [main] INFO  io.deeplay.service.UserCommunicationService - Текущий игрок: Bot
2023-08-16 19:46:30.199 [main] INFO  io.deeplay.model.Board - Игрок сделал обычный ход
2023-08-16 19:46:30.199 [main] INFO  io.deeplay.model.Board - Игрок сделал обычный ход
2023-08-16 19:46:30.199 [main] INFO  io.deeplay.service.UserCommunicationService - Ход BLACK
2023-08-16 19:46:30.199 [main] INFO  io.deeplay.service.UserCommunicationService - Текущий игрок: Bot
2023-08-16 19:46:30.199 [main] INFO  io.deeplay.model.Board - Игрок сделал обычный ход
2023-08-16 19:46:30.200 [main] INFO  io.deeplay.model.Board - Игрок сделал обычный ход
2023-08-16 19:46:30.200 [main] INFO  io.deeplay.service.UserCommunicationService - Ход WHITE
2023-08-16 19:46:30.200 [main] INFO  io.deeplay.service.UserCommunicationService - Текущий игрок: Bot
2023-08-16 19:46:30.200 [main] INFO  io.deeplay.model.Board - Игрок сделал обычный ход
2023-08-16 19:46:30.200 [main] INFO  io.deeplay.model.Board - Игрок сделал обычный ход
2023-08-16 19:46:30.200 [main] INFO  io.deeplay.service.UserCommunicationService - Ход BLACK
2023-08-16 19:46:30.200 [main] INFO  io.deeplay.service.UserCommunicationService - Текущий игрок: Bot
2023-08-16 19:46:30.201 [main] INFO  io.deeplay.model.Board - Игрок сделал обычный ход
2023-08-16 19:46:30.201 [main] INFO  io.deeplay.model.Board - Игрок сделал обычный ход
2023-08-16 19:46:30.201 [main] INFO  io.deeplay.service.UserCommunicationService - Ход WHITE
2023-08-16 19:46:30.201 [main] INFO  io.deeplay.service.UserCommunicationService - Текущий игрок: Bot
2023-08-16 19:46:30.201 [main] INFO  io.deeplay.model.Board - Игрок сделал обычный ход
2023-08-16 19:46:30.202 [main] INFO  io.deeplay.model.Board - Игрок сделал обычный ход
2023-08-16 19:46:30.202 [main] INFO  io.deeplay.service.UserCommunicationService - Ход BLACK
2023-08-16 19:46:30.202 [main] INFO  io.deeplay.service.UserCommunicationService - Текущий игрок: Bot
2023-08-16 19:46:30.203 [main] INFO  io.deeplay.model.Board - Игрок сделал обычный ход
2023-08-16 19:46:30.203 [main] INFO  io.deeplay.model.Board - Игрок сделал обычный ход
2023-08-16 19:46:30.203 [main] INFO  io.deeplay.service.UserCommunicationService - Ход WHITE
2023-08-16 19:46:30.204 [main] INFO  io.deeplay.service.UserCommunicationService - Текущий игрок: Bot
2023-08-16 19:46:30.204 [main] INFO  io.deeplay.model.Board - Игрок сделал обычный ход
2023-08-16 19:46:30.204 [main] INFO  io.deeplay.model.Board - Игрок сделал обычный ход
2023-08-16 19:46:30.204 [main] INFO  io.deeplay.service.UserCommunicationService - Ход BLACK
2023-08-16 19:46:30.204 [main] INFO  io.deeplay.service.UserCommunicationService - Текущий игрок: Bot
2023-08-16 19:46:30.206 [main] INFO  io.deeplay.model.Board - Игрок сделал обычный ход
2023-08-16 19:46:30.206 [main] INFO  io.deeplay.model.Board - Игрок сделал обычный ход
2023-08-16 19:46:30.206 [main] INFO  io.deeplay.service.UserCommunicationService - Ход WHITE
2023-08-16 19:46:30.207 [main] INFO  io.deeplay.service.UserCommunicationService - Текущий игрок: Bot
2023-08-16 19:46:30.207 [main] INFO  io.deeplay.model.Board - Игрок сделал обычный ход
2023-08-16 19:46:30.208 [main] INFO  io.deeplay.model.Board - Игрок сделал обычный ход
2023-08-16 19:46:30.208 [main] INFO  io.deeplay.service.UserCommunicationService - Ход BLACK
2023-08-16 19:46:30.208 [main] INFO  io.deeplay.service.UserCommunicationService - Текущий игрок: Bot
2023-08-16 19:46:30.208 [main] INFO  io.deeplay.model.Board - Игрок сделал обычный ход
2023-08-16 19:46:30.209 [main] INFO  io.deeplay.model.Board - Игрок сделал обычный ход
2023-08-16 19:46:30.209 [main] INFO  io.deeplay.service.UserCommunicationService - Ход WHITE
2023-08-16 19:46:30.209 [main] INFO  io.deeplay.service.UserCommunicationService - Текущий игрок: Bot
2023-08-16 19:46:30.210 [main] INFO  io.deeplay.model.Board - Игрок сделал обычный ход
2023-08-16 19:46:30.210 [main] INFO  io.deeplay.model.Board - Игрок сделал обычный ход
2023-08-16 19:46:30.210 [main] INFO  io.deeplay.service.UserCommunicationService - Ход BLACK
2023-08-16 19:46:30.211 [main] INFO  io.deeplay.service.UserCommunicationService - Текущий игрок: Bot
2023-08-16 19:46:30.211 [main] INFO  io.deeplay.model.Board - Игрок сделал обычный ход
2023-08-16 19:46:30.211 [main] INFO  io.deeplay.model.Board - Игрок сделал обычный ход
2023-08-16 19:46:30.211 [main] INFO  io.deeplay.service.UserCommunicationService - Ход WHITE
2023-08-16 19:46:30.211 [main] INFO  io.deeplay.service.UserCommunicationService - Текущий игрок: Bot
2023-08-16 19:46:30.211 [main] INFO  io.deeplay.model.Board - Игрок сделал обычный ход
2023-08-16 19:46:30.212 [main] INFO  io.deeplay.model.Board - Игрок сделал обычный ход
2023-08-16 19:46:30.212 [main] INFO  io.deeplay.service.UserCommunicationService - Ход BLACK
2023-08-16 19:46:30.212 [main] INFO  io.deeplay.service.UserCommunicationService - Текущий игрок: Bot
2023-08-16 19:46:30.212 [main] INFO  io.deeplay.model.Board - Игрок сделал обычный ход
2023-08-16 19:46:30.212 [main] INFO  io.deeplay.model.Board - Игрок сделал обычный ход
2023-08-16 19:46:30.212 [main] INFO  io.deeplay.model.Board - Игрок сделал обычный ход
2023-08-16 19:46:30.212 [main] INFO  io.deeplay.model.Board - Игрок сделал обычный ход
2023-08-16 19:46:30.213 [main] INFO  io.deeplay.model.Board - Игрок сделал обычный ход
2023-08-16 19:46:30.213 [main] INFO  io.deeplay.model.Board - Игрок сделал обычный ход
2023-08-16 19:46:30.213 [main] INFO  io.deeplay.model.Board - Игрок сделал обычный ход
2023-08-16 19:46:30.213 [main] INFO  io.deeplay.model.Board - Игрок сделал обычный ход
2023-08-16 19:46:30.213 [main] INFO  io.deeplay.model.Board - Игрок сделал обычный ход
2023-08-16 19:46:30.213 [main] INFO  io.deeplay.model.Board - Игрок сделал обычный ход
2023-08-16 19:46:30.213 [main] INFO  io.deeplay.model.Board - Игрок сделал обычный ход
2023-08-16 19:46:30.213 [main] INFO  io.deeplay.model.Board - Игрок сделал обычный ход
2023-08-16 19:46:30.213 [main] INFO  io.deeplay.model.Board - Игрок сделал обычный ход
2023-08-16 19:46:30.213 [main] INFO  io.deeplay.model.Board - Игрок сделал обычный ход
2023-08-16 19:46:30.214 [main] INFO  io.deeplay.model.Board - Игрок сделал обычный ход
2023-08-16 19:46:30.214 [main] INFO  io.deeplay.model.Board - Игрок сделал обычный ход
2023-08-16 19:46:30.214 [main] INFO  io.deeplay.model.Board - Игрок сделал обычный ход
2023-08-16 19:46:30.214 [main] INFO  io.deeplay.model.Board - Игрок сделал обычный ход
2023-08-16 19:46:30.214 [main] INFO  io.deeplay.model.Board - Игрок сделал обычный ход
2023-08-16 19:46:30.214 [main] INFO  io.deeplay.model.Board - Игрок сделал обычный ход
2023-08-16 19:46:30.214 [main] INFO  io.deeplay.model.Board - Игрок сделал обычный ход
2023-08-16 19:46:30.214 [main] INFO  io.deeplay.model.Board - Игрок сделал обычный ход
2023-08-16 19:46:30.214 [main] INFO  io.deeplay.model.Board - Игрок сделал обычный ход
2023-08-16 19:46:30.214 [main] INFO  io.deeplay.model.Board - Игрок сделал обычный ход
2023-08-16 19:46:30.214 [main] INFO  io.deeplay.model.Board - Игрок сделал обычный ход
2023-08-16 19:46:30.214 [main] INFO  io.deeplay.model.Board - Игрок сделал обычный ход
2023-08-16 19:46:30.214 [main] INFO  io.deeplay.model.Board - Игрок сделал обычный ход
2023-08-16 19:46:30.214 [main] INFO  io.deeplay.service.UserCommunicationService - Ход WHITE
2023-08-16 19:46:30.214 [main] INFO  io.deeplay.service.UserCommunicationService - Текущий игрок: Bot
2023-08-16 19:46:30.214 [main] INFO  io.deeplay.model.Board - Игрок сделал обычный ход
2023-08-16 19:46:30.215 [main] INFO  io.deeplay.service.UserCommunicationService - Game ended WHITE win
2023-08-16 19:46:30.215 [main] INFO  io.deeplay.service.UserCommunicationService - Игра окончена Game ended, because WHITE is in check and can't move
2023-08-16 19:46:38.229 [main] INFO  io.deeplay.service.UserCommunicationService - Ход WHITE
2023-08-16 19:46:38.230 [main] INFO  io.deeplay.service.UserCommunicationService - Текущий игрок: Bot
2023-08-16 19:46:38.230 [main] INFO  io.deeplay.model.Board - Игрок сделал обычный ход
2023-08-16 19:46:38.230 [main] INFO  io.deeplay.model.Board - Игрок сделал обычный ход
2023-08-16 19:46:38.230 [main] INFO  io.deeplay.service.UserCommunicationService - Ход BLACK
2023-08-16 19:46:38.230 [main] INFO  io.deeplay.service.UserCommunicationService - Текущий игрок: Bot
2023-08-16 19:46:38.231 [main] INFO  io.deeplay.model.Board - Игрок сделал обычный ход
2023-08-16 19:46:38.231 [main] INFO  io.deeplay.model.Board - Игрок сделал обычный ход
2023-08-16 19:46:38.231 [main] INFO  io.deeplay.service.UserCommunicationService - Ход WHITE
2023-08-16 19:46:38.231 [main] INFO  io.deeplay.service.UserCommunicationService - Текущий игрок: Bot
2023-08-16 19:46:38.231 [main] INFO  io.deeplay.model.Board - Игрок сделал обычный ход
2023-08-16 19:46:38.232 [main] INFO  io.deeplay.model.Board - Игрок сделал обычный ход
2023-08-16 19:46:38.232 [main] INFO  io.deeplay.service.UserCommunicationService - Ход BLACK
2023-08-16 19:46:38.232 [main] INFO  io.deeplay.service.UserCommunicationService - Текущий игрок: Bot
2023-08-16 19:46:38.232 [main] INFO  io.deeplay.model.Board - Игрок сделал обычный ход
2023-08-16 19:46:38.232 [main] INFO  io.deeplay.model.Board - Игрок сделал обычный ход
2023-08-16 19:46:38.233 [main] INFO  io.deeplay.service.UserCommunicationService - Ход WHITE
2023-08-16 19:46:38.233 [main] INFO  io.deeplay.service.UserCommunicationService - Текущий игрок: Bot
2023-08-16 19:46:38.233 [main] INFO  io.deeplay.model.Board - Игрок сделал обычный ход
2023-08-16 19:46:38.234 [main] INFO  io.deeplay.model.Board - Игрок сделал обычный ход
2023-08-16 19:46:38.234 [main] INFO  io.deeplay.model.Board - Игрок сделал обычный ход
2023-08-16 19:46:38.234 [main] INFO  io.deeplay.model.Board - Игрок сделал обычный ход
2023-08-16 19:46:38.236 [main] INFO  io.deeplay.model.Board - Игрок сделал обычный ход
2023-08-16 19:46:38.236 [main] INFO  io.deeplay.model.Board - Игрок сделал обычный ход
2023-08-16 19:46:38.237 [main] INFO  io.deeplay.model.Board - Игрок сделал обычный ход
2023-08-16 19:46:38.237 [main] INFO  io.deeplay.model.Board - Игрок сделал обычный ход
2023-08-16 19:46:38.237 [main] INFO  io.deeplay.model.Board - Игрок сделал обычный ход
2023-08-16 19:46:38.239 [main] INFO  io.deeplay.model.Board - Игрок сделал обычный ход
2023-08-16 19:46:38.239 [main] INFO  io.deeplay.model.Board - Игрок сделал обычный ход
2023-08-16 19:46:38.239 [main] INFO  io.deeplay.service.UserCommunicationService - Ход BLACK
2023-08-16 19:46:38.239 [main] INFO  io.deeplay.service.UserCommunicationService - Текущий игрок: Bot
2023-08-16 19:46:38.240 [main] INFO  io.deeplay.model.Board - Игрок сделал обычный ход
2023-08-16 19:46:38.240 [main] INFO  io.deeplay.service.UserCommunicationService - Game ended BLACK win
2023-08-16 19:46:38.240 [main] INFO  io.deeplay.service.UserCommunicationService - Игра окончена Game ended, because BLACK is in check and can't move
2023-08-16 19:46:57.352 [main] ERROR io.deeplay.service.UserCommunicationService - Ошибка ввода при выборе режима игры
2023-08-16 20:59:44.115 [main] INFO  io.deeplay.service.UserCommunicationService - Ход WHITE
2023-08-16 20:59:44.205 [main] INFO  io.deeplay.service.UserCommunicationService - Текущий игрок: Bot
2023-08-16 20:59:44.244 [main] INFO  io.deeplay.model.Board - Игрок сделал обычный ход
2023-08-16 20:59:44.259 [main] INFO  io.deeplay.model.Board - Игрок сделал обычный ход
2023-08-16 20:59:44.259 [main] INFO  io.deeplay.service.UserCommunicationService - Ход BLACK
2023-08-16 20:59:44.259 [main] INFO  io.deeplay.service.UserCommunicationService - Текущий игрок: Bot
2023-08-16 20:59:44.259 [main] INFO  io.deeplay.model.Board - Игрок сделал обычный ход
2023-08-16 20:59:44.259 [main] INFO  io.deeplay.model.Board - Игрок сделал обычный ход
2023-08-16 20:59:44.259 [main] INFO  io.deeplay.service.UserCommunicationService - Ход WHITE
2023-08-16 20:59:44.259 [main] INFO  io.deeplay.service.UserCommunicationService - Текущий игрок: Bot
2023-08-16 20:59:44.259 [main] INFO  io.deeplay.model.Board - Игрок сделал обычный ход
2023-08-16 20:59:44.259 [main] INFO  io.deeplay.model.Board - Игрок сделал обычный ход
2023-08-16 20:59:44.259 [main] INFO  io.deeplay.service.UserCommunicationService - Ход BLACK
2023-08-16 20:59:44.259 [main] INFO  io.deeplay.service.UserCommunicationService - Текущий игрок: Bot
2023-08-16 20:59:44.259 [main] INFO  io.deeplay.model.Board - Игрок сделал обычный ход
2023-08-16 20:59:44.259 [main] INFO  io.deeplay.model.Board - Игрок сделал обычный ход
2023-08-16 20:59:44.259 [main] INFO  io.deeplay.service.UserCommunicationService - Ход WHITE
2023-08-16 20:59:44.259 [main] INFO  io.deeplay.service.UserCommunicationService - Текущий игрок: Bot
2023-08-16 20:59:44.269 [main] INFO  io.deeplay.model.Board - Игрок сделал обычный ход
2023-08-16 20:59:44.269 [main] INFO  io.deeplay.model.Board - Игрок сделал обычный ход
2023-08-16 20:59:44.271 [main] INFO  io.deeplay.service.UserCommunicationService - Ход BLACK
2023-08-16 20:59:44.271 [main] INFO  io.deeplay.service.UserCommunicationService - Текущий игрок: Bot
2023-08-16 20:59:44.271 [main] INFO  io.deeplay.model.Board - Игрок сделал обычный ход
2023-08-16 20:59:44.274 [main] INFO  io.deeplay.model.Board - Игрок сделал обычный ход
2023-08-16 20:59:44.274 [main] INFO  io.deeplay.service.UserCommunicationService - Ход WHITE
2023-08-16 20:59:44.274 [main] INFO  io.deeplay.service.UserCommunicationService - Текущий игрок: Bot
2023-08-16 20:59:44.274 [main] INFO  io.deeplay.model.Board - Игрок сделал обычный ход
2023-08-16 20:59:44.279 [main] INFO  io.deeplay.model.Board - Игрок сделал обычный ход
2023-08-16 20:59:44.279 [main] INFO  io.deeplay.service.UserCommunicationService - Ход BLACK
2023-08-16 20:59:44.279 [main] INFO  io.deeplay.service.UserCommunicationService - Текущий игрок: Bot
2023-08-16 20:59:44.279 [main] INFO  io.deeplay.model.Board - Игрок сделал обычный ход
2023-08-16 20:59:44.279 [main] INFO  io.deeplay.model.Board - Игрок сделал обычный ход
2023-08-16 20:59:44.279 [main] INFO  io.deeplay.service.UserCommunicationService - Ход WHITE
2023-08-16 20:59:44.279 [main] INFO  io.deeplay.service.UserCommunicationService - Текущий игрок: Bot
2023-08-16 20:59:44.284 [main] INFO  io.deeplay.model.Board - Игрок сделал обычный ход
2023-08-16 20:59:44.284 [main] INFO  io.deeplay.model.Board - Игрок сделал обычный ход
2023-08-16 20:59:44.284 [main] INFO  io.deeplay.service.UserCommunicationService - Ход BLACK
2023-08-16 20:59:44.284 [main] INFO  io.deeplay.service.UserCommunicationService - Текущий игрок: Bot
2023-08-16 20:59:44.287 [main] INFO  io.deeplay.model.Board - Игрок сделал обычный ход
2023-08-16 20:59:44.288 [main] INFO  io.deeplay.model.Board - Игрок сделал обычный ход
2023-08-16 20:59:44.288 [main] INFO  io.deeplay.service.UserCommunicationService - Ход WHITE
2023-08-16 20:59:44.288 [main] INFO  io.deeplay.service.UserCommunicationService - Текущий игрок: Bot
2023-08-16 20:59:44.290 [main] INFO  io.deeplay.model.Board - Игрок сделал обычный ход
2023-08-16 20:59:44.290 [main] INFO  io.deeplay.model.Board - Игрок сделал обычный ход
2023-08-16 20:59:44.290 [main] INFO  io.deeplay.service.UserCommunicationService - Ход BLACK
2023-08-16 20:59:44.290 [main] INFO  io.deeplay.service.UserCommunicationService - Текущий игрок: Bot
2023-08-16 20:59:44.290 [main] INFO  io.deeplay.model.Board - Игрок сделал обычный ход
2023-08-16 20:59:44.290 [main] INFO  io.deeplay.model.Board - Игрок сделал обычный ход
2023-08-16 20:59:44.290 [main] INFO  io.deeplay.service.UserCommunicationService - Ход WHITE
2023-08-16 20:59:44.290 [main] INFO  io.deeplay.service.UserCommunicationService - Текущий игрок: Bot
2023-08-16 20:59:44.295 [main] INFO  io.deeplay.model.Board - Игрок сделал обычный ход
2023-08-16 20:59:44.295 [main] INFO  io.deeplay.model.Board - Игрок сделал обычный ход
2023-08-16 20:59:44.295 [main] INFO  io.deeplay.service.UserCommunicationService - Ход BLACK
2023-08-16 20:59:44.295 [main] INFO  io.deeplay.service.UserCommunicationService - Текущий игрок: Bot
2023-08-16 20:59:44.295 [main] INFO  io.deeplay.model.Board - Игрок сделал обычный ход
2023-08-16 20:59:44.295 [main] INFO  io.deeplay.model.Board - Игрок сделал обычный ход
2023-08-16 20:59:44.295 [main] INFO  io.deeplay.service.UserCommunicationService - Ход WHITE
2023-08-16 20:59:44.295 [main] INFO  io.deeplay.service.UserCommunicationService - Текущий игрок: Bot
2023-08-16 20:59:44.295 [main] INFO  io.deeplay.model.Board - Игрок сделал обычный ход
2023-08-16 20:59:44.300 [main] INFO  io.deeplay.model.Board - Игрок сделал обычный ход
2023-08-16 20:59:44.300 [main] INFO  io.deeplay.service.UserCommunicationService - Ход BLACK
2023-08-16 20:59:44.300 [main] INFO  io.deeplay.service.UserCommunicationService - Текущий игрок: Bot
2023-08-16 20:59:44.300 [main] INFO  io.deeplay.model.Board - Игрок сделал обычный ход
2023-08-16 20:59:44.300 [main] INFO  io.deeplay.model.Board - Игрок сделал обычный ход
2023-08-16 20:59:44.300 [main] INFO  io.deeplay.model.Board - Игрок сделал обычный ход
2023-08-16 20:59:44.300 [main] INFO  io.deeplay.model.Board - Игрок сделал обычный ход
2023-08-16 20:59:44.300 [main] INFO  io.deeplay.model.Board - Игрок сделал обычный ход
2023-08-16 20:59:44.300 [main] INFO  io.deeplay.model.Board - Игрок сделал обычный ход
2023-08-16 20:59:44.300 [main] INFO  io.deeplay.model.Board - Игрок сделал обычный ход
2023-08-16 20:59:44.300 [main] INFO  io.deeplay.model.Board - Игрок сделал обычный ход
2023-08-16 20:59:44.300 [main] INFO  io.deeplay.model.Board - Игрок сделал обычный ход
2023-08-16 20:59:44.300 [main] INFO  io.deeplay.model.Board - Игрок сделал обычный ход
2023-08-16 20:59:44.300 [main] INFO  io.deeplay.model.Board - Игрок сделал обычный ход
2023-08-16 20:59:44.300 [main] INFO  io.deeplay.model.Board - Игрок сделал обычный ход
2023-08-16 20:59:44.300 [main] INFO  io.deeplay.model.Board - Игрок сделал обычный ход
2023-08-16 20:59:44.300 [main] INFO  io.deeplay.service.UserCommunicationService - Ход WHITE
2023-08-16 20:59:44.305 [main] INFO  io.deeplay.service.UserCommunicationService - Текущий игрок: Bot
2023-08-16 20:59:44.305 [main] INFO  io.deeplay.model.Board - Игрок сделал обычный ход
2023-08-16 20:59:44.308 [main] INFO  io.deeplay.service.UserCommunicationService - Game ended WHITE win
2023-08-16 20:59:44.310 [main] INFO  io.deeplay.service.UserCommunicationService - Игра окончена Game ended, because WHITE is in check and can't move
2023-08-16 20:59:56.077 [main] ERROR io.deeplay.service.UserCommunicationService - Неверный ввод на создание новой игры
2023-08-17 17:54:57.846 [main] INFO  io.deeplay.service.UserCommunicationService - Выбран режим bot-bot
2023-08-17 17:54:57.976 [main] INFO  io.deeplay.model.Board - Игрок сделал обычный ход
2023-08-17 17:54:57.980 [main] INFO  io.deeplay.model.Board - Игрок сделал обычный ход
2023-08-17 17:54:57.982 [main] INFO  io.deeplay.model.Board - Игрок сделал обычный ход
2023-08-17 17:54:57.985 [main] INFO  io.deeplay.model.Board - Игрок сделал обычный ход
2023-08-17 17:54:57.986 [main] INFO  io.deeplay.model.Board - Игрок сделал обычный ход
2023-08-17 17:54:57.987 [main] INFO  io.deeplay.model.Board - Игрок сделал обычный ход
2023-08-17 17:54:57.989 [main] INFO  io.deeplay.model.Board - Игрок сделал обычный ход
2023-08-17 17:54:57.990 [main] INFO  io.deeplay.model.Board - Игрок сделал обычный ход
2023-08-17 17:54:57.991 [main] INFO  io.deeplay.model.Board - Игрок сделал обычный ход
2023-08-17 17:54:57.993 [main] INFO  io.deeplay.model.Board - Игрок сделал обычный ход
2023-08-17 17:54:57.994 [main] INFO  io.deeplay.model.Board - Игрок сделал обычный ход
2023-08-17 17:54:57.996 [main] INFO  io.deeplay.model.Board - Игрок сделал обычный ход
2023-08-17 17:54:57.998 [main] INFO  io.deeplay.model.Board - Игрок сделал обычный ход
2023-08-17 17:54:58.000 [main] INFO  io.deeplay.model.Board - Игрок сделал обычный ход
2023-08-17 17:54:58.001 [main] INFO  io.deeplay.model.Board - Игрок сделал обычный ход
2023-08-17 17:54:58.003 [main] INFO  io.deeplay.model.Board - Игрок сделал обычный ход
2023-08-17 17:54:58.004 [main] INFO  io.deeplay.model.Board - Игрок сделал обычный ход
2023-08-17 17:54:58.006 [main] INFO  io.deeplay.model.Board - Игрок сделал обычный ход
2023-08-17 17:54:58.007 [main] INFO  io.deeplay.model.Board - Игрок сделал обычный ход
2023-08-17 17:54:58.009 [main] INFO  io.deeplay.model.Board - Игрок сделал обычный ход
2023-08-17 17:54:58.010 [main] INFO  io.deeplay.model.Board - Игрок сделал обычный ход
2023-08-17 17:54:58.011 [main] INFO  io.deeplay.model.Board - Игрок сделал обычный ход
2023-08-17 17:54:58.014 [main] INFO  io.deeplay.model.Board - Игрок сделал обычный ход
2023-08-17 17:54:58.015 [main] INFO  io.deeplay.model.Board - Игрок сделал обычный ход
2023-08-17 17:54:58.018 [main] INFO  io.deeplay.model.Board - Игрок сделал обычный ход
2023-08-17 17:54:58.019 [main] INFO  io.deeplay.model.Board - Игрок сделал обычный ход
2023-08-17 17:54:58.021 [main] INFO  io.deeplay.model.Board - Игрок сделал обычный ход
2023-08-17 17:54:58.023 [main] INFO  io.deeplay.model.Board - Игрок сделал обычный ход
2023-08-17 17:54:58.024 [main] INFO  io.deeplay.model.Board - Игрок сделал обычный ход
2023-08-17 17:54:58.025 [main] INFO  io.deeplay.model.Board - Игрок сделал обычный ход
2023-08-17 17:54:58.026 [main] INFO  io.deeplay.model.Board - Игрок сделал обычный ход
2023-08-17 17:54:58.028 [main] INFO  io.deeplay.model.Board - Игрок сделал обычный ход
2023-08-17 17:54:58.030 [main] INFO  io.deeplay.model.Board - Игрок сделал обычный ход
2023-08-17 17:54:58.031 [main] INFO  io.deeplay.model.Board - Игрок сделал обычный ход
2023-08-17 17:54:58.033 [main] INFO  io.deeplay.model.Board - Игрок сделал обычный ход
2023-08-17 17:54:58.035 [main] INFO  io.deeplay.model.Board - Игрок сделал обычный ход
2023-08-17 17:54:58.036 [main] INFO  io.deeplay.model.Board - Игрок сделал обычный ход
2023-08-17 17:54:58.038 [main] INFO  io.deeplay.model.Board - Игрок сделал обычный ход
2023-08-17 17:54:58.039 [main] INFO  io.deeplay.model.Board - Игрок сделал обычный ход
2023-08-17 17:54:58.039 [main] INFO  io.deeplay.model.Board - Игрок сделал обычный ход
2023-08-17 17:54:58.041 [main] INFO  io.deeplay.model.Board - Игрок сделал обычный ход
2023-08-17 17:54:58.043 [main] INFO  io.deeplay.model.Board - Игрок сделал обычный ход
2023-08-17 17:54:58.045 [main] INFO  io.deeplay.model.Board - Игрок сделал обычный ход
2023-08-17 17:54:58.046 [main] INFO  io.deeplay.model.Board - Игрок сделал обычный ход
2023-08-17 17:54:58.047 [main] INFO  io.deeplay.model.Board - Игрок сделал обычный ход
2023-08-17 17:54:58.049 [main] INFO  io.deeplay.model.Board - Игрок сделал обычный ход
2023-08-17 17:54:58.053 [main] INFO  io.deeplay.model.Board - Игрок сделал обычный ход
2023-08-17 17:54:58.054 [main] INFO  io.deeplay.model.Board - Игрок сделал обычный ход
2023-08-17 17:54:58.056 [main] INFO  io.deeplay.model.Board - Игрок сделал обычный ход
2023-08-17 17:54:58.056 [main] INFO  io.deeplay.model.Board - Игрок сделал обычный ход
2023-08-17 17:54:58.058 [main] INFO  io.deeplay.model.Board - Игрок сделал обычный ход
2023-08-17 17:54:58.059 [main] INFO  io.deeplay.model.Board - Игрок сделал обычный ход
2023-08-17 17:54:58.060 [main] INFO  io.deeplay.model.Board - Игрок сделал обычный ход
2023-08-17 17:54:58.062 [main] INFO  io.deeplay.model.Board - Игрок сделал обычный ход
2023-08-17 17:54:58.063 [main] INFO  io.deeplay.model.Board - Игрок сделал обычный ход
2023-08-17 17:54:58.064 [main] INFO  io.deeplay.model.Board - Игрок сделал обычный ход
2023-08-17 17:54:58.066 [main] INFO  io.deeplay.model.Board - Игрок сделал обычный ход
2023-08-17 17:54:58.068 [main] INFO  io.deeplay.model.Board - Игрок сделал обычный ход
2023-08-17 17:54:58.070 [main] INFO  io.deeplay.model.Board - Игрок сделал обычный ход
2023-08-17 17:54:58.071 [main] INFO  io.deeplay.model.Board - Игрок сделал обычный ход
2023-08-17 17:54:58.072 [main] INFO  io.deeplay.model.Board - Игрок сделал обычный ход
2023-08-17 17:54:58.073 [main] INFO  io.deeplay.model.Board - Игрок сделал обычный ход
2023-08-17 17:54:58.074 [main] INFO  io.deeplay.model.Board - Игрок сделал обычный ход
2023-08-17 17:54:58.075 [main] INFO  io.deeplay.model.Board - Игрок сделал обычный ход
2023-08-17 17:54:58.078 [main] INFO  io.deeplay.model.Board - Игрок сделал обычный ход
2023-08-17 17:54:58.079 [main] INFO  io.deeplay.model.Board - Игрок сделал обычный ход
2023-08-17 17:54:58.081 [main] INFO  io.deeplay.model.Board - Игрок сделал обычный ход
2023-08-17 17:54:58.082 [main] INFO  io.deeplay.model.Board - Игрок сделал обычный ход
2023-08-17 17:54:58.083 [main] INFO  io.deeplay.model.Board - Игрок сделал обычный ход
2023-08-17 17:54:58.085 [main] INFO  io.deeplay.model.Board - Игрок сделал обычный ход
2023-08-17 17:54:58.087 [main] INFO  io.deeplay.model.Board - Игрок сделал обычный ход
2023-08-17 17:54:58.088 [main] INFO  io.deeplay.model.Board - Игрок сделал обычный ход
2023-08-17 17:54:58.089 [main] INFO  io.deeplay.model.Board - Игрок сделал обычный ход
2023-08-17 17:54:58.089 [main] INFO  io.deeplay.model.Board - Игрок сделал обычный ход
2023-08-17 17:54:58.089 [main] INFO  io.deeplay.model.Board - Игрок сделал обычный ход
2023-08-17 17:54:58.091 [main] INFO  io.deeplay.model.Board - Игрок сделал обычный ход
2023-08-17 17:54:58.091 [main] INFO  io.deeplay.model.Board - Игрок сделал обычный ход
2023-08-17 17:54:58.092 [main] INFO  io.deeplay.model.Board - Игрок сделал обычный ход
2023-08-17 17:54:58.092 [main] INFO  io.deeplay.model.Board - Игрок сделал обычный ход
2023-08-17 17:54:58.092 [main] INFO  io.deeplay.model.Board - Игрок сделал обычный ход
2023-08-17 17:54:58.092 [main] INFO  io.deeplay.model.Board - Игрок сделал обычный ход
2023-08-17 17:54:58.093 [main] INFO  io.deeplay.model.Board - Игрок сделал обычный ход
2023-08-17 17:54:58.093 [main] INFO  io.deeplay.model.Board - Игрок сделал обычный ход
2023-08-17 17:54:58.093 [main] INFO  io.deeplay.model.Board - Игрок сделал обычный ход
2023-08-17 17:54:58.093 [main] INFO  io.deeplay.model.Board - Игрок сделал обычный ход
2023-08-17 17:54:58.093 [main] INFO  io.deeplay.model.Board - Игрок сделал обычный ход
2023-08-17 17:54:58.094 [main] INFO  io.deeplay.model.Board - Игрок сделал обычный ход
2023-08-17 17:54:58.094 [main] INFO  io.deeplay.model.Board - Игрок сделал обычный ход
2023-08-17 17:54:58.094 [main] INFO  io.deeplay.model.Board - Игрок сделал обычный ход
2023-08-17 17:54:58.094 [main] INFO  io.deeplay.model.Board - Игрок сделал обычный ход
2023-08-17 17:54:58.094 [main] INFO  io.deeplay.model.Board - Игрок сделал обычный ход
2023-08-17 17:54:58.095 [main] INFO  io.deeplay.model.Board - Игрок сделал обычный ход
2023-08-17 17:54:58.095 [main] INFO  io.deeplay.model.Board - Игрок сделал обычный ход
2023-08-17 17:54:58.095 [main] INFO  io.deeplay.model.Board - Игрок сделал обычный ход
2023-08-17 17:54:58.095 [main] INFO  io.deeplay.model.Board - Игрок сделал обычный ход
2023-08-17 17:54:58.096 [main] INFO  io.deeplay.model.Board - Игрок сделал обычный ход
